burlot chloe
gourlaouen juliette
lelievre francois
douillet vincent
baron raphael
glemot noel
le goff baptiste
amalou abderrahman
griveau anne lise
leonardi alexandre
guillemine alexandre
bouguet benjamin
labbe boris
robinault jonathan
MILLET DELPHINE
GERAUD ANGELE
FRABOULET xavier
matry bruno
demulier chevret tom
bertin matthieu corentin
rabet paul mehdy
hougron camille
el alami trebki sami
lamouric pascal
le moulec gwendal
zaouga noman
RASATA MANANTENA LIANTSOA
bouteau pierre olivier
lorant maxime
rondel valentin