AMALOU ABDERRAHMANE
AUGRAIN QUENTIN
BARON RAPHAEL
BOUGUET BENJAMIN
BOUTEAU PIERRE OLIVIER
DOUILLET VINCENT
DUBAR FABIEN
GOURLAOUEN JULIETTE
GRIVEAU ANNE LISE
LABBE BORIS
LE GOFF BAPTISTE
LE MOULEC GWENDAL
LEONARDI ALEXANDRE
LORANT MAXIME
ROBINAULT JONATHAN
RONDEL VALENTIN
BERTIN MATTHIEU CORENTIN
BOYER ALEXIS
CLEMENT ARTHUR
COZ SAMUEL
DEMULIER CHEVRET TOM
DERRE CLEMENT
EL ALAMI TREBKI SAMI
FRABOULET XAVIER
GERAUD ANGELE
HOUGRON CAMILLE
HUDIN GWENEGAN
LAMOURIC PASCAL
LE GUEN DAMIEN
LEJEUNE ANTOINE
RABET PAUL MEHDY
garcia ANDREA
MATRY BRUNO
MILLET DELPHINE
RENOU CLARISSE
BIEZ GUILLAUME
BUSSENEAU NICOLAS
CHAIGNON PAUL
CHARPENTIER NICOLAS
CORBEL ELODIE
CREMILLEUX DAMIEN
FRANCOIS THOMAS
HEBERT AURELIEN
HOLY LAURIANE
KADIMI SKALLI DOUNIA
LEBOULLENGER CLEMENT
GHARI KEVIN
TROUCHE ARNAUD
VANDEWALLE SIMON
VIOT TIMOTHE